build/app/intermediates/manifest_merge_blame_file/debug/manifest-merger-blame-debug-report.txt
1<?xml version="1.0" encoding="utf-8"?>
2<manifest xmlns:android="http://schemas.android.com/apk/res/android"
3    package="com.example.laris_jaya_gas"
4    android:versionCode="1"
5    android:versionName="1.0.0" >
6
7    <uses-sdk
8        android:minSdkVersion="21"
9        android:targetSdkVersion="35" />
10    <!--
11         The INTERNET permission is required for development. Specifically,
12         the Flutter tool needs it to communicate with the running application
13         to allow setting breakpoints, to provide hot reload, etc.
14    -->
15    <uses-permission android:name="android.permission.INTERNET" />
15-->src\debug\AndroidManifest.xml:6:5-66
15-->src\debug\AndroidManifest.xml:6:22-64
16    <uses-permission android:name="android.permission.WRITE_EXTERNAL_STORAGE" />
16-->src\main\AndroidManifest.xml:3:5-80
16-->src\main\AndroidManifest.xml:3:22-78
17    <uses-permission android:name="android.permission.READ_EXTERNAL_STORAGE" />
17-->src\main\AndroidManifest.xml:4:5-79
17-->src\main\AndroidManifest.xml:4:22-77
18    <uses-permission android:name="android.permission.MANAGE_EXTERNAL_STORAGE" />
18-->src\main\AndroidManifest.xml:5:5-82
18-->src\main\AndroidManifest.xml:5:22-79
19    <!--
20 Required to query activities that can process text, see:
21         https://developer.android.com/training/package-visibility and
22         https://developer.android.com/reference/android/content/Intent#ACTION_PROCESS_TEXT.
23
24         In particular, this is used by the Flutter engine in io.flutter.plugin.text.ProcessTextPlugin.
25    -->
26    <queries>
26-->src\main\AndroidManifest.xml:44:5-49:15
27        <intent>
27-->src\main\AndroidManifest.xml:45:9-48:18
28            <action android:name="android.intent.action.PROCESS_TEXT" />
28-->src\main\AndroidManifest.xml:46:13-72
28-->src\main\AndroidManifest.xml:46:21-70
29
30            <data android:mimeType="text/plain" />
30-->src\main\AndroidManifest.xml:47:13-50
30-->src\main\AndroidManifest.xml:47:19-48
31        </intent>
32    </queries>
33
34    <uses-permission android:name="android.permission.CAMERA" />
34-->[:mobile_scanner] AndroidManifest.xml:7:5-65
34-->[:mobile_scanner] AndroidManifest.xml:7:22-62
35
36    <uses-feature
36-->[:mobile_scanner] AndroidManifest.xml:9:5-11:36
37        android:name="android.hardware.camera"
37-->[:mobile_scanner] AndroidManifest.xml:10:9-47
38        android:required="false" />
38-->[:mobile_scanner] AndroidManifest.xml:11:9-33
39
40    <permission
40-->[androidx.core:core:1.13.1] AndroidManifest.xml:22:5-24:47
41        android:name="com.example.laris_jaya_gas.DYNAMIC_RECEIVER_NOT_EXPORTED_PERMISSION"
41-->[androidx.core:core:1.13.1] AndroidManifest.xml:23:9-81
42        android:protectionLevel="signature" />
42-->[androidx.core:core:1.13.1] AndroidManifest.xml:24:9-44
43
44    <uses-permission android:name="com.example.laris_jaya_gas.DYNAMIC_RECEIVER_NOT_EXPORTED_PERMISSION" /> <!-- Although the *SdkVersion is captured in gradle build files, this is required for non gradle builds -->
44-->[androidx.core:core:1.13.1] AndroidManifest.xml:26:5-97
44-->[androidx.core:core:1.13.1] AndroidManifest.xml:26:22-94
45    <!-- <uses-sdk android:minSdkVersion="14"/> -->
46    <uses-permission android:name="android.permission.ACCESS_NETWORK_STATE" />
46-->[com.google.android.datatransport:transport-backend-cct:2.3.3] AndroidManifest.xml:25:5-79
46-->[com.google.android.datatransport:transport-backend-cct:2.3.3] AndroidManifest.xml:25:22-76
47
48    <application
49        android:name="android.app.Application"
50        android:appComponentFactory="androidx.core.app.CoreComponentFactory"
50-->[androidx.core:core:1.13.1] AndroidManifest.xml:28:18-86
51        android:debuggable="true"
52        android:extractNativeLibs="true"
53        android:icon="@mipmap/ic_launcher"
54        android:label="laris_jaya_gas" >
55        <activity
56            android:name="com.example.laris_jaya_gas.MainActivity"
57            android:configChanges="orientation|keyboardHidden|keyboard|screenSize|smallestScreenSize|locale|layoutDirection|fontScale|screenLayout|density|uiMode"
58            android:exported="true"
59            android:hardwareAccelerated="true"
60            android:launchMode="singleTop"
61            android:taskAffinity=""
62            android:theme="@style/LaunchTheme"
63            android:windowSoftInputMode="adjustResize" >
64
65            <!--
66                 Specifies an Android theme to apply to this Activity as soon as
67                 the Android process has started. This theme is visible to the user
68                 while the Flutter UI initializes. After that, this theme continues
69                 to determine the Window background behind the Flutter UI.
70            -->
71            <meta-data
72                android:name="io.flutter.embedding.android.NormalTheme"
73                android:resource="@style/NormalTheme" />
74
75            <intent-filter>
76                <action android:name="android.intent.action.MAIN" />
77
78                <category android:name="android.intent.category.LAUNCHER" />
79            </intent-filter>
80        </activity>
81        <!--
82             Don't delete the meta-data below.
83             This is used by the Flutter tool to generate GeneratedPluginRegistrant.java
84        -->
85        <meta-data
86            android:name="flutterEmbedding"
87            android:value="2" />
88        <!--
89        Service for holding metadata. Cannot be instantiated.
90        Metadata will be merged from other manifests.
91        -->
92        <service
92-->[androidx.camera:camera-core:1.3.4] AndroidManifest.xml:29:9-33:78
93            android:name="androidx.camera.core.impl.MetadataHolderService"
93-->[androidx.camera:camera-core:1.3.4] AndroidManifest.xml:30:13-75
94            android:enabled="false"
94-->[androidx.camera:camera-core:1.3.4] AndroidManifest.xml:31:13-36
95            android:exported="false" >
95-->[androidx.camera:camera-core:1.3.4] AndroidManifest.xml:32:13-37
96            <meta-data
96-->[androidx.camera:camera-camera2:1.3.4] AndroidManifest.xml:30:13-32:89
97                android:name="androidx.camera.core.impl.MetadataHolderService.DEFAULT_CONFIG_PROVIDER"
97-->[androidx.camera:camera-camera2:1.3.4] AndroidManifest.xml:31:17-103
98                android:value="androidx.camera.camera2.Camera2Config$DefaultProvider" />
98-->[androidx.camera:camera-camera2:1.3.4] AndroidManifest.xml:32:17-86
99        </service>
100        <service
100-->[com.google.android.gms:play-services-mlkit-barcode-scanning:18.3.1] AndroidManifest.xml:9:9-15:19
101            android:name="com.google.mlkit.common.internal.MlKitComponentDiscoveryService"
101-->[com.google.android.gms:play-services-mlkit-barcode-scanning:18.3.1] AndroidManifest.xml:10:13-91
102            android:directBootAware="true"
102-->[com.google.mlkit:common:18.11.0] AndroidManifest.xml:17:13-43
103            android:exported="false" >
103-->[com.google.android.gms:play-services-mlkit-barcode-scanning:18.3.1] AndroidManifest.xml:11:13-37
104            <meta-data
104-->[com.google.android.gms:play-services-mlkit-barcode-scanning:18.3.1] AndroidManifest.xml:12:13-14:85
105                android:name="com.google.firebase.components:com.google.mlkit.vision.barcode.internal.BarcodeRegistrar"
105-->[com.google.android.gms:play-services-mlkit-barcode-scanning:18.3.1] AndroidManifest.xml:13:17-120
106                android:value="com.google.firebase.components.ComponentRegistrar" />
106-->[com.google.android.gms:play-services-mlkit-barcode-scanning:18.3.1] AndroidManifest.xml:14:17-82
107            <meta-data
107-->[com.google.mlkit:vision-common:17.3.0] AndroidManifest.xml:12:13-14:85
108                android:name="com.google.firebase.components:com.google.mlkit.vision.common.internal.VisionCommonRegistrar"
108-->[com.google.mlkit:vision-common:17.3.0] AndroidManifest.xml:13:17-124
109                android:value="com.google.firebase.components.ComponentRegistrar" />
109-->[com.google.mlkit:vision-common:17.3.0] AndroidManifest.xml:14:17-82
110            <meta-data
110-->[com.google.mlkit:common:18.11.0] AndroidManifest.xml:20:13-22:85
111                android:name="com.google.firebase.components:com.google.mlkit.common.internal.CommonComponentRegistrar"
111-->[com.google.mlkit:common:18.11.0] AndroidManifest.xml:21:17-120
112                android:value="com.google.firebase.components.ComponentRegistrar" />
112-->[com.google.mlkit:common:18.11.0] AndroidManifest.xml:22:17-82
113        </service>
114
115        <provider
115-->[com.google.mlkit:common:18.11.0] AndroidManifest.xml:9:9-13:38
116            android:name="com.google.mlkit.common.internal.MlKitInitProvider"
116-->[com.google.mlkit:common:18.11.0] AndroidManifest.xml:10:13-78
117            android:authorities="com.example.laris_jaya_gas.mlkitinitprovider"
117-->[com.google.mlkit:common:18.11.0] AndroidManifest.xml:11:13-69
118            android:exported="false"
118-->[com.google.mlkit:common:18.11.0] AndroidManifest.xml:12:13-37
119            android:initOrder="99" />
119-->[com.google.mlkit:common:18.11.0] AndroidManifest.xml:13:13-35
120
121        <activity
121-->[com.google.android.gms:play-services-base:18.5.0] AndroidManifest.xml:5:9-173
122            android:name="com.google.android.gms.common.api.GoogleApiActivity"
122-->[com.google.android.gms:play-services-base:18.5.0] AndroidManifest.xml:5:19-85
123            android:exported="false"
123-->[com.google.android.gms:play-services-base:18.5.0] AndroidManifest.xml:5:146-170
124            android:theme="@android:style/Theme.Translucent.NoTitleBar" />
124-->[com.google.android.gms:play-services-base:18.5.0] AndroidManifest.xml:5:86-145
125
126        <meta-data
126-->[com.google.android.gms:play-services-basement:18.4.0] AndroidManifest.xml:6:9-122
127            android:name="com.google.android.gms.version"
127-->[com.google.android.gms:play-services-basement:18.4.0] AndroidManifest.xml:6:20-65
128            android:value="@integer/google_play_services_version" />
128-->[com.google.android.gms:play-services-basement:18.4.0] AndroidManifest.xml:6:66-119
129
130        <uses-library
130-->[androidx.window:window:1.2.0] AndroidManifest.xml:23:9-25:40
131            android:name="androidx.window.extensions"
131-->[androidx.window:window:1.2.0] AndroidManifest.xml:24:13-54
132            android:required="false" />
132-->[androidx.window:window:1.2.0] AndroidManifest.xml:25:13-37
133        <uses-library
133-->[androidx.window:window:1.2.0] AndroidManifest.xml:26:9-28:40
134            android:name="androidx.window.sidecar"
134-->[androidx.window:window:1.2.0] AndroidManifest.xml:27:13-51
135            android:required="false" />
135-->[androidx.window:window:1.2.0] AndroidManifest.xml:28:13-37
136
137        <provider
137-->[androidx.emoji2:emoji2:1.2.0] AndroidManifest.xml:24:9-32:20
138            android:name="androidx.startup.InitializationProvider"
138-->[androidx.emoji2:emoji2:1.2.0] AndroidManifest.xml:25:13-67
139            android:authorities="com.example.laris_jaya_gas.androidx-startup"
139-->[androidx.emoji2:emoji2:1.2.0] AndroidManifest.xml:26:13-68
140            android:exported="false" >
140-->[androidx.emoji2:emoji2:1.2.0] AndroidManifest.xml:27:13-37
141            <meta-data
141-->[androidx.emoji2:emoji2:1.2.0] AndroidManifest.xml:29:13-31:52
142                android:name="androidx.emoji2.text.EmojiCompatInitializer"
142-->[androidx.emoji2:emoji2:1.2.0] AndroidManifest.xml:30:17-75
143                android:value="androidx.startup" />
143-->[androidx.emoji2:emoji2:1.2.0] AndroidManifest.xml:31:17-49
144            <meta-data
144-->[androidx.lifecycle:lifecycle-process:2.7.0] AndroidManifest.xml:29:13-31:52
145                android:name="androidx.lifecycle.ProcessLifecycleInitializer"
145-->[androidx.lifecycle:lifecycle-process:2.7.0] AndroidManifest.xml:30:17-78
146                android:value="androidx.startup" />
146-->[androidx.lifecycle:lifecycle-process:2.7.0] AndroidManifest.xml:31:17-49
147            <meta-data
147-->[androidx.profileinstaller:profileinstaller:1.3.1] AndroidManifest.xml:29:13-31:52
148                android:name="androidx.profileinstaller.ProfileInstallerInitializer"
148-->[androidx.profileinstaller:profileinstaller:1.3.1] AndroidManifest.xml:30:17-85
149                android:value="androidx.startup" />
149-->[androidx.profileinstaller:profileinstaller:1.3.1] AndroidManifest.xml:31:17-49
150        </provider>
151
152        <receiver
152-->[androidx.profileinstaller:profileinstaller:1.3.1] AndroidManifest.xml:34:9-52:20
153            android:name="androidx.profileinstaller.ProfileInstallReceiver"
153-->[androidx.profileinstaller:profileinstaller:1.3.1] AndroidManifest.xml:35:13-76
154            android:directBootAware="false"
154-->[androidx.profileinstaller:profileinstaller:1.3.1] AndroidManifest.xml:36:13-44
155            android:enabled="true"
155-->[androidx.profileinstaller:profileinstaller:1.3.1] AndroidManifest.xml:37:13-35
156            android:exported="true"
156-->[androidx.profileinstaller:profileinstaller:1.3.1] AndroidManifest.xml:38:13-36
157            android:permission="android.permission.DUMP" >
157-->[androidx.profileinstaller:profileinstaller:1.3.1] AndroidManifest.xml:39:13-57
158            <intent-filter>
158-->[androidx.profileinstaller:profileinstaller:1.3.1] AndroidManifest.xml:40:13-42:29
159                <action android:name="androidx.profileinstaller.action.INSTALL_PROFILE" />
159-->[androidx.profileinstaller:profileinstaller:1.3.1] AndroidManifest.xml:41:17-91
159-->[androidx.profileinstaller:profileinstaller:1.3.1] AndroidManifest.xml:41:25-88
160            </intent-filter>
161            <intent-filter>
161-->[androidx.profileinstaller:profileinstaller:1.3.1] AndroidManifest.xml:43:13-45:29
162                <action android:name="androidx.profileinstaller.action.SKIP_FILE" />
162-->[androidx.profileinstaller:profileinstaller:1.3.1] AndroidManifest.xml:44:17-85
162-->[androidx.profileinstaller:profileinstaller:1.3.1] AndroidManifest.xml:44:25-82
163            </intent-filter>
164            <intent-filter>
164-->[androidx.profileinstaller:profileinstaller:1.3.1] AndroidManifest.xml:46:13-48:29
165                <action android:name="androidx.profileinstaller.action.SAVE_PROFILE" />
165-->[androidx.profileinstaller:profileinstaller:1.3.1] AndroidManifest.xml:47:17-88
165-->[androidx.profileinstaller:profileinstaller:1.3.1] AndroidManifest.xml:47:25-85
166            </intent-filter>
167            <intent-filter>
167-->[androidx.profileinstaller:profileinstaller:1.3.1] AndroidManifest.xml:49:13-51:29
168                <action android:name="androidx.profileinstaller.action.BENCHMARK_OPERATION" />
168-->[androidx.profileinstaller:profileinstaller:1.3.1] AndroidManifest.xml:50:17-95
168-->[androidx.profileinstaller:profileinstaller:1.3.1] AndroidManifest.xml:50:25-92
169            </intent-filter>
170        </receiver>
171
172        <service
172-->[com.google.android.datatransport:transport-backend-cct:2.3.3] AndroidManifest.xml:29:9-35:19
173            android:name="com.google.android.datatransport.runtime.backends.TransportBackendDiscovery"
173-->[com.google.android.datatransport:transport-backend-cct:2.3.3] AndroidManifest.xml:30:13-103
174            android:exported="false" >
174-->[com.google.android.datatransport:transport-backend-cct:2.3.3] AndroidManifest.xml:31:13-37
175            <meta-data
175-->[com.google.android.datatransport:transport-backend-cct:2.3.3] AndroidManifest.xml:32:13-34:39
176                android:name="backend:com.google.android.datatransport.cct.CctBackendFactory"
176-->[com.google.android.datatransport:transport-backend-cct:2.3.3] AndroidManifest.xml:33:17-94
177                android:value="cct" />
177-->[com.google.android.datatransport:transport-backend-cct:2.3.3] AndroidManifest.xml:34:17-36
178        </service>
179        <service
179-->[com.google.android.datatransport:transport-runtime:2.2.6] AndroidManifest.xml:26:9-30:19
180            android:name="com.google.android.datatransport.runtime.scheduling.jobscheduling.JobInfoSchedulerService"
180-->[com.google.android.datatransport:transport-runtime:2.2.6] AndroidManifest.xml:27:13-117
181            android:exported="false"
181-->[com.google.android.datatransport:transport-runtime:2.2.6] AndroidManifest.xml:28:13-37
182            android:permission="android.permission.BIND_JOB_SERVICE" >
182-->[com.google.android.datatransport:transport-runtime:2.2.6] AndroidManifest.xml:29:13-69
183        </service>
184
185        <receiver
185-->[com.google.android.datatransport:transport-runtime:2.2.6] AndroidManifest.xml:32:9-34:40
186            android:name="com.google.android.datatransport.runtime.scheduling.jobscheduling.AlarmManagerSchedulerBroadcastReceiver"
186-->[com.google.android.datatransport:transport-runtime:2.2.6] AndroidManifest.xml:33:13-132
187            android:exported="false" />
187-->[com.google.android.datatransport:transport-runtime:2.2.6] AndroidManifest.xml:34:13-37
188    </application>
189
190</manifest>